<?xml version="1.0" encoding="UTF-8"?>
<!-- Generated by org.testng.reporters.JUnitXMLReporter -->
<testsuite ignored="0" hostname="Dheeraj" failures="1" tests="8" name="Appriciate_Test_C1083" time="147.885" errors="0" timestamp="2023-08-31T11:16:05 IST">
  <testcase classname="appriciate_flow.appriatiate_flow" name="AppriateFlowSingle" time="16.55"/>
  <testcase classname="appriciate_flow.appriatiate_flow" name="SocialFeedIDGet" time="2.349"/>
  <testcase classname="appriciate_flow.appriatiate_flow" name="LikePositive" time="2.68"/>
  <testcase classname="appriciate_flow.appriatiate_flow" name="CommentPositiveNegative" time="11.397"/>
  <testcase classname="appriciate_flow.appriatiate_flow" name="Appriate_emp_mail_Negative" time="17.906"/>
  <testcase classname="appriciate_flow.appriatiate_flow" name="Appriate_award_Negative" time="5.892"/>
  <testcase classname="appriciate_flow.appriatiate_flow" name="Appriate_Custom_msg_Negative" time="50.472">
    <failure type="org.openqa.selenium.NoSuchElementException" message="no such element: Unable to locate element: {&amp;quot;method&amp;quot;:&amp;quot;xpath&amp;quot;,&amp;quot;selector&amp;quot;:&amp;quot;(//input[@class=&amp;apos;token-input ui-autocomplete-input&amp;apos;])[1]&amp;quot;}
  (Session info: MicrosoftEdge=116.0.1938.54)
For documentation on this error, please visit: https://selenium.dev/exceptions/#no_such_element
Build info: version: &amp;apos;4.8.2&amp;apos;, revision: &amp;apos;826dbfc730&amp;apos;
System info: os.name: &amp;apos;Windows 11&amp;apos;, os.arch: &amp;apos;amd64&amp;apos;, os.version: &amp;apos;10.0&amp;apos;, java.version: &amp;apos;19&amp;apos;
Driver info: org.openqa.selenium.edge.EdgeDriver
Command: [3088cd421c6d68149cbeec0f3c9d1512, findElement {using=xpath, value=(//input[@class=&amp;apos;token-input ui-autocomplete-input&amp;apos;])[1]}]
Capabilities {acceptInsecureCerts: false, browserName: msedge, browserVersion: 116.0.1938.54, fedcm:accounts: true, ms:edgeOptions: {debuggerAddress: localhost:64552}, msedge: {msedgedriverVersion: 116.0.1938.62 (493f2197e519..., userDataDir: C:\Users\choug\AppData\Loca...}, networkConnectionEnabled: false, pageLoadStrategy: normal, platformName: WINDOWS, proxy: Proxy(), se:cdp: ws://localhost:64552/devtoo..., se:cdpVersion: 116.0.1938.54, setWindowRect: true, strictFileInteractability: false, timeouts: {implicit: 0, pageLoad: 300000, script: 30000}, unhandledPromptBehavior: dismiss and notify, webauthn:extension:credBlob: true, webauthn:extension:largeBlob: true, webauthn:extension:minPinLength: true, webauthn:extension:prf: true, webauthn:virtualAuthenticators: true}
Session ID: 3088cd421c6d68149cbeec0f3c9d1512">
      <![CDATA[org.openqa.selenium.NoSuchElementException: no such element: Unable to locate element: {"method":"xpath","selector":"(//input[@class='token-input ui-autocomplete-input'])[1]"}
  (Session info: MicrosoftEdge=116.0.1938.54)
For documentation on this error, please visit: https://selenium.dev/exceptions/#no_such_element
Build info: version: '4.8.2', revision: '826dbfc730'
System info: os.name: 'Windows 11', os.arch: 'amd64', os.version: '10.0', java.version: '19'
Driver info: org.openqa.selenium.edge.EdgeDriver
Command: [3088cd421c6d68149cbeec0f3c9d1512, findElement {using=xpath, value=(//input[@class='token-input ui-autocomplete-input'])[1]}]
Capabilities {acceptInsecureCerts: false, browserName: msedge, browserVersion: 116.0.1938.54, fedcm:accounts: true, ms:edgeOptions: {debuggerAddress: localhost:64552}, msedge: {msedgedriverVersion: 116.0.1938.62 (493f2197e519..., userDataDir: C:\Users\choug\AppData\Loca...}, networkConnectionEnabled: false, pageLoadStrategy: normal, platformName: WINDOWS, proxy: Proxy(), se:cdp: ws://localhost:64552/devtoo..., se:cdpVersion: 116.0.1938.54, setWindowRect: true, strictFileInteractability: false, timeouts: {implicit: 0, pageLoad: 300000, script: 30000}, unhandledPromptBehavior: dismiss and notify, webauthn:extension:credBlob: true, webauthn:extension:largeBlob: true, webauthn:extension:minPinLength: true, webauthn:extension:prf: true, webauthn:virtualAuthenticators: true}
Session ID: 3088cd421c6d68149cbeec0f3c9d1512
at org.openqa.selenium.remote.codec.w3c.W3CHttpResponseCodec.createException(W3CHttpResponseCodec.java:200)
at org.openqa.selenium.remote.codec.w3c.W3CHttpResponseCodec.decode(W3CHttpResponseCodec.java:133)
at org.openqa.selenium.remote.codec.w3c.W3CHttpResponseCodec.decode(W3CHttpResponseCodec.java:53)
at org.openqa.selenium.remote.HttpCommandExecutor.execute(HttpCommandExecutor.java:193)
at org.openqa.selenium.remote.service.DriverCommandExecutor.invokeExecute(DriverCommandExecutor.java:183)
at org.openqa.selenium.remote.service.DriverCommandExecutor.execute(DriverCommandExecutor.java:158)
at org.openqa.selenium.remote.RemoteWebDriver.execute(RemoteWebDriver.java:543)
at org.openqa.selenium.remote.ElementLocation$ElementFinder$2.findElement(ElementLocation.java:162)
at org.openqa.selenium.remote.ElementLocation.findElement(ElementLocation.java:60)
at org.openqa.selenium.remote.RemoteWebDriver.findElement(RemoteWebDriver.java:352)
at org.openqa.selenium.remote.RemoteWebDriver.findElement(RemoteWebDriver.java:344)
at utility_RR.Utility_RR.appriciateEmpSearch(Utility_RR.java:114)
at appriciate_flow.appriatiate_flow.Appriate_Custom_msg_Negative(appriatiate_flow.java:364)
at java.base/java.util.ArrayList.forEach(ArrayList.java:1511)
... Removed 28 stack frames]]>
    </failure>
  </testcase> <!-- Appriate_Custom_msg_Negative -->
  <testcase classname="appriciate_flow.appriatiate_flow" name="Appriated_List_Test" time="3.506"/>
</testsuite> <!-- Appriciate_Test_C1083 -->
