<?xml version="1.0" encoding="UTF-8"?>
<!-- Generated by org.testng.reporters.JUnitXMLReporter -->
<testsuite ignored="0" hostname="Dheeraj" failures="3" tests="8" name="Appriciate_Test_team_C900" time="57.339" errors="0" timestamp="2023-08-31T13:16:04 IST">
  <testcase classname="appriciate_flow.appriatiate_flow_team" name="@BeforeMethod before_Method_Appriciate" time="0.018">
    <failure type="org.openqa.selenium.NoSuchWindowException" message="no such window: target window already closed
from unknown error: web view not found
  (Session info: MicrosoftEdge=116.0.1938.54)
Build info: version: &amp;apos;4.8.2&amp;apos;, revision: &amp;apos;826dbfc730&amp;apos;
System info: os.name: &amp;apos;Windows 11&amp;apos;, os.arch: &amp;apos;amd64&amp;apos;, os.version: &amp;apos;10.0&amp;apos;, java.version: &amp;apos;19&amp;apos;
Driver info: org.openqa.selenium.edge.EdgeDriver
Command: [25ef83196e0012266669b0ea36f2e7d5, get {url=https://development1.advantageclub.co/in/rewards/home}]
Capabilities {acceptInsecureCerts: false, browserName: msedge, browserVersion: 116.0.1938.54, fedcm:accounts: true, ms:edgeOptions: {debuggerAddress: localhost:62259}, msedge: {msedgedriverVersion: 116.0.1938.62 (493f2197e519..., userDataDir: C:\Users\choug\AppData\Loca...}, networkConnectionEnabled: false, pageLoadStrategy: normal, platformName: WINDOWS, proxy: Proxy(), se:cdp: ws://localhost:62259/devtoo..., se:cdpVersion: 116.0.1938.54, setWindowRect: true, strictFileInteractability: false, timeouts: {implicit: 0, pageLoad: 300000, script: 30000}, unhandledPromptBehavior: dismiss and notify, webauthn:extension:credBlob: true, webauthn:extension:largeBlob: true, webauthn:extension:minPinLength: true, webauthn:extension:prf: true, webauthn:virtualAuthenticators: true}
Session ID: 25ef83196e0012266669b0ea36f2e7d5">
      <![CDATA[org.openqa.selenium.NoSuchWindowException: no such window: target window already closed
from unknown error: web view not found
  (Session info: MicrosoftEdge=116.0.1938.54)
Build info: version: '4.8.2', revision: '826dbfc730'
System info: os.name: 'Windows 11', os.arch: 'amd64', os.version: '10.0', java.version: '19'
Driver info: org.openqa.selenium.edge.EdgeDriver
Command: [25ef83196e0012266669b0ea36f2e7d5, get {url=https://development1.advantageclub.co/in/rewards/home}]
Capabilities {acceptInsecureCerts: false, browserName: msedge, browserVersion: 116.0.1938.54, fedcm:accounts: true, ms:edgeOptions: {debuggerAddress: localhost:62259}, msedge: {msedgedriverVersion: 116.0.1938.62 (493f2197e519..., userDataDir: C:\Users\choug\AppData\Loca...}, networkConnectionEnabled: false, pageLoadStrategy: normal, platformName: WINDOWS, proxy: Proxy(), se:cdp: ws://localhost:62259/devtoo..., se:cdpVersion: 116.0.1938.54, setWindowRect: true, strictFileInteractability: false, timeouts: {implicit: 0, pageLoad: 300000, script: 30000}, unhandledPromptBehavior: dismiss and notify, webauthn:extension:credBlob: true, webauthn:extension:largeBlob: true, webauthn:extension:minPinLength: true, webauthn:extension:prf: true, webauthn:virtualAuthenticators: true}
Session ID: 25ef83196e0012266669b0ea36f2e7d5
at org.openqa.selenium.remote.codec.w3c.W3CHttpResponseCodec.createException(W3CHttpResponseCodec.java:200)
at org.openqa.selenium.remote.codec.w3c.W3CHttpResponseCodec.decode(W3CHttpResponseCodec.java:133)
at org.openqa.selenium.remote.codec.w3c.W3CHttpResponseCodec.decode(W3CHttpResponseCodec.java:53)
at org.openqa.selenium.remote.HttpCommandExecutor.execute(HttpCommandExecutor.java:193)
at org.openqa.selenium.remote.service.DriverCommandExecutor.invokeExecute(DriverCommandExecutor.java:183)
at org.openqa.selenium.remote.service.DriverCommandExecutor.execute(DriverCommandExecutor.java:158)
at org.openqa.selenium.remote.RemoteWebDriver.execute(RemoteWebDriver.java:543)
at org.openqa.selenium.remote.RemoteWebDriver.get(RemoteWebDriver.java:297)
at appriciate_flow.appriatiate_flow_team.before_Method_Appriciate(appriatiate_flow_team.java:59)
at java.base/java.util.ArrayList.forEach(ArrayList.java:1511)
... Removed 32 stack frames]]>
    </failure>
  </testcase> <!-- @BeforeMethod before_Method_Appriciate -->
  <testcase classname="appriciate_flow.appriatiate_flow_team" name="@AfterMethod afterMethod_Appriciate1" time="-1.693467964202E9">
    <skipped/>
  </testcase> <!-- @AfterMethod afterMethod_Appriciate1 -->
  <testcase classname="appriciate_flow.appriatiate_flow_team" name="@BeforeMethod before_Method_Appriciate" time="-1.693467964204E9">
    <skipped/>
  </testcase> <!-- @BeforeMethod before_Method_Appriciate -->
  <testcase classname="appriciate_flow.appriatiate_flow_team" name="@AfterMethod afterMethod_Appriciate1" time="-1.69346796422E9">
    <skipped/>
  </testcase> <!-- @AfterMethod afterMethod_Appriciate1 -->
  <testcase classname="appriciate_flow.appriatiate_flow_team" name="@BeforeMethod before_Method_Appriciate" time="-1.693467964221E9">
    <skipped/>
  </testcase> <!-- @BeforeMethod before_Method_Appriciate -->
  <testcase classname="appriciate_flow.appriatiate_flow_team" name="@AfterMethod afterMethod_Appriciate1" time="-1.693467964233E9">
    <skipped/>
  </testcase> <!-- @AfterMethod afterMethod_Appriciate1 -->
  <testcase classname="appriciate_flow.appriatiate_flow_team" name="@BeforeMethod before_Method_Appriciate" time="-1.693467964237E9">
    <skipped/>
  </testcase> <!-- @BeforeMethod before_Method_Appriciate -->
  <testcase classname="appriciate_flow.appriatiate_flow_team" name="@AfterMethod afterMethod_Appriciate1" time="-1.69346796424E9">
    <skipped/>
  </testcase> <!-- @AfterMethod afterMethod_Appriciate1 -->
  <testcase classname="appriciate_flow.appriatiate_flow_team" name="@AfterClass afterClass" time="-1.693467964245E9">
    <skipped/>
  </testcase> <!-- @AfterClass afterClass -->
  <testcase classname="appriciate_flow.appriatiate_flow_team" name="AppriateFlowTeam" time="27.464">
    <failure type="org.openqa.selenium.StaleElementReferenceException" message="stale element reference: stale element not found
  (Session info: MicrosoftEdge=116.0.1938.54)
For documentation on this error, please visit: https://selenium.dev/exceptions/#stale_element_reference
Build info: version: &amp;apos;4.8.2&amp;apos;, revision: &amp;apos;826dbfc730&amp;apos;
System info: os.name: &amp;apos;Windows 11&amp;apos;, os.arch: &amp;apos;amd64&amp;apos;, os.version: &amp;apos;10.0&amp;apos;, java.version: &amp;apos;19&amp;apos;
Driver info: org.openqa.selenium.edge.EdgeDriver
Command: [25ef83196e0012266669b0ea36f2e7d5, clickElement {id=B861BB5D60D516811EC3508BC2C05280_element_346}]
Capabilities {acceptInsecureCerts: false, browserName: msedge, browserVersion: 116.0.1938.54, fedcm:accounts: true, ms:edgeOptions: {debuggerAddress: localhost:62259}, msedge: {msedgedriverVersion: 116.0.1938.62 (493f2197e519..., userDataDir: C:\Users\choug\AppData\Loca...}, networkConnectionEnabled: false, pageLoadStrategy: normal, platformName: WINDOWS, proxy: Proxy(), se:cdp: ws://localhost:62259/devtoo..., se:cdpVersion: 116.0.1938.54, setWindowRect: true, strictFileInteractability: false, timeouts: {implicit: 0, pageLoad: 300000, script: 30000}, unhandledPromptBehavior: dismiss and notify, webauthn:extension:credBlob: true, webauthn:extension:largeBlob: true, webauthn:extension:minPinLength: true, webauthn:extension:prf: true, webauthn:virtualAuthenticators: true}
Element: [[EdgeDriver: msedge on WINDOWS (25ef83196e0012266669b0ea36f2e7d5)] -&amp;gt; xpath: (//ul[@class=&amp;apos;ui-autocomplete ui-front ui-menu ui-widget ui-widget-content&amp;apos;])[1]//li[1]]
Session ID: 25ef83196e0012266669b0ea36f2e7d5">
      <![CDATA[org.openqa.selenium.StaleElementReferenceException: stale element reference: stale element not found
  (Session info: MicrosoftEdge=116.0.1938.54)
For documentation on this error, please visit: https://selenium.dev/exceptions/#stale_element_reference
Build info: version: '4.8.2', revision: '826dbfc730'
System info: os.name: 'Windows 11', os.arch: 'amd64', os.version: '10.0', java.version: '19'
Driver info: org.openqa.selenium.edge.EdgeDriver
Command: [25ef83196e0012266669b0ea36f2e7d5, clickElement {id=B861BB5D60D516811EC3508BC2C05280_element_346}]
Capabilities {acceptInsecureCerts: false, browserName: msedge, browserVersion: 116.0.1938.54, fedcm:accounts: true, ms:edgeOptions: {debuggerAddress: localhost:62259}, msedge: {msedgedriverVersion: 116.0.1938.62 (493f2197e519..., userDataDir: C:\Users\choug\AppData\Loca...}, networkConnectionEnabled: false, pageLoadStrategy: normal, platformName: WINDOWS, proxy: Proxy(), se:cdp: ws://localhost:62259/devtoo..., se:cdpVersion: 116.0.1938.54, setWindowRect: true, strictFileInteractability: false, timeouts: {implicit: 0, pageLoad: 300000, script: 30000}, unhandledPromptBehavior: dismiss and notify, webauthn:extension:credBlob: true, webauthn:extension:largeBlob: true, webauthn:extension:minPinLength: true, webauthn:extension:prf: true, webauthn:virtualAuthenticators: true}
Element: [[EdgeDriver: msedge on WINDOWS (25ef83196e0012266669b0ea36f2e7d5)] -> xpath: (//ul[@class='ui-autocomplete ui-front ui-menu ui-widget ui-widget-content'])[1]//li[1]]
Session ID: 25ef83196e0012266669b0ea36f2e7d5
at org.openqa.selenium.remote.codec.w3c.W3CHttpResponseCodec.createException(W3CHttpResponseCodec.java:200)
at org.openqa.selenium.remote.codec.w3c.W3CHttpResponseCodec.decode(W3CHttpResponseCodec.java:133)
at org.openqa.selenium.remote.codec.w3c.W3CHttpResponseCodec.decode(W3CHttpResponseCodec.java:53)
at org.openqa.selenium.remote.HttpCommandExecutor.execute(HttpCommandExecutor.java:193)
at org.openqa.selenium.remote.service.DriverCommandExecutor.invokeExecute(DriverCommandExecutor.java:183)
at org.openqa.selenium.remote.service.DriverCommandExecutor.execute(DriverCommandExecutor.java:158)
at org.openqa.selenium.remote.RemoteWebDriver.execute(RemoteWebDriver.java:543)
at org.openqa.selenium.remote.RemoteWebElement.execute(RemoteWebElement.java:257)
at org.openqa.selenium.remote.RemoteWebElement.click(RemoteWebElement.java:78)
at utility_RR.Utility_RR.appriciateEmpSearch(Utility_RR.java:121)
at appriciate_flow.appriatiate_flow_team.AppriateFlowTeam(appriatiate_flow_team.java:80)
at java.base/java.util.ArrayList.forEach(ArrayList.java:1511)
... Removed 28 stack frames]]>
    </failure>
  </testcase> <!-- AppriateFlowTeam -->
  <testcase classname="appriciate_flow.appriatiate_flow_team" name="SocialFeedIDGet_team" time="0.0">
    <skipped/>
  </testcase> <!-- SocialFeedIDGet_team -->
  <testcase classname="appriciate_flow.appriatiate_flow_team" name="LikePositive_team" time="0.072">
    <failure type="java.lang.IllegalArgumentException" message="Cannot find elements when id is null.">
      <![CDATA[java.lang.IllegalArgumentException: Cannot find elements when id is null.
at org.openqa.selenium.internal.Require$ArgumentChecker.nonNull(Require.java:207)
at org.openqa.selenium.By$ById.<init>(By.java:188)
at org.openqa.selenium.By.id(By.java:49)
at utility_RR.Utility_RR.ScrollIntoView(Utility_RR.java:244)
at appriciate_flow.appriatiate_flow_team.LikePositive_team(appriatiate_flow_team.java:215)
at java.base/java.util.ArrayList.forEach(ArrayList.java:1511)
... Removed 25 stack frames]]>
    </failure>
  </testcase> <!-- LikePositive_team -->
  <testcase classname="appriciate_flow.appriatiate_flow_team" name="CommentPositiveNegative_team" time="0.062">
    <failure type="java.lang.IllegalArgumentException" message="Cannot find elements when id is null.">
      <![CDATA[java.lang.IllegalArgumentException: Cannot find elements when id is null.
at org.openqa.selenium.internal.Require$ArgumentChecker.nonNull(Require.java:207)
at org.openqa.selenium.By$ById.<init>(By.java:188)
at org.openqa.selenium.By.id(By.java:49)
at utility_RR.Utility_RR.ScrollIntoView(Utility_RR.java:244)
at appriciate_flow.appriatiate_flow_team.CommentPositiveNegative_team(appriatiate_flow_team.java:236)
at java.base/java.util.ArrayList.forEach(ArrayList.java:1511)
... Removed 25 stack frames]]>
    </failure>
  </testcase> <!-- CommentPositiveNegative_team -->
  <testcase classname="appriciate_flow.appriatiate_flow_team" name="Appriate_emp_mail_Negative_team" time="0.0">
    <skipped/>
  </testcase> <!-- Appriate_emp_mail_Negative_team -->
  <testcase classname="appriciate_flow.appriatiate_flow_team" name="Appriate_award_Negative_team" time="0.0">
    <skipped/>
  </testcase> <!-- Appriate_award_Negative_team -->
  <testcase classname="appriciate_flow.appriatiate_flow_team" name="Appriate_Custom_msg_Negative_team" time="0.0">
    <skipped/>
  </testcase> <!-- Appriate_Custom_msg_Negative_team -->
  <testcase classname="appriciate_flow.appriatiate_flow_team" name="Appriated_List_Test_team" time="0.0">
    <skipped/>
  </testcase> <!-- Appriated_List_Test_team -->
</testsuite> <!-- Appriciate_Test_team_C900 -->
