<?xml version="1.0" encoding="UTF-8"?>
<!-- Generated by org.testng.reporters.JUnitXMLReporter -->
<testsuite ignored="0" hostname="Dheeraj" failures="1" tests="8" name="Appriciate_Test_C1151" time="196.241" errors="0" timestamp="2023-08-30T16:45:36 IST">
  <testcase classname="appriciate_flow.appriatiate_flow" name="AppriateFlowSingle" time="27.468"/>
  <testcase classname="appriciate_flow.appriatiate_flow" name="SocialFeedIDGet" time="5.475"/>
  <testcase classname="appriciate_flow.appriatiate_flow" name="LikePositive" time="2.974"/>
  <testcase classname="appriciate_flow.appriatiate_flow" name="CommentPositiveNegative" time="6.263"/>
  <testcase classname="appriciate_flow.appriatiate_flow" name="Appriate_emp_mail_Negative" time="19.972">
    <failure type="java.lang.AssertionError" message="The following asserts failed:
	Validation failed for wrong mail and submit expected [Please enter valid email or name.] but found []">
      <![CDATA[java.lang.AssertionError: The following asserts failed:
Validation failed for wrong mail and submit expected [Please enter valid email or name.] but found []
at appriciate_flow.appriatiate_flow.Appriate_emp_mail_Negative(appriatiate_flow.java:292)
at java.base/java.util.ArrayList.forEach(ArrayList.java:1511)
... Removed 27 stack frames]]>
    </failure>
  </testcase> <!-- Appriate_emp_mail_Negative -->
  <testcase classname="appriciate_flow.appriatiate_flow" name="Appriate_award_Negative" time="9.629"/>
  <testcase classname="appriciate_flow.appriatiate_flow" name="Appriate_Custom_msg_Negative" time="14.069"/>
  <testcase classname="appriciate_flow.appriatiate_flow" name="Appriated_List_Test" time="13.349"/>
</testsuite> <!-- Appriciate_Test_C1151 -->
