<?xml version="1.0" encoding="UTF-8"?>
<!-- Generated by org.testng.reporters.JUnitXMLReporter -->
<testsuite ignored="0" hostname="Dheeraj" failures="0" tests="8" name="Appriciate_Test C900" time="1.781" errors="0" timestamp="2023-08-30T10:43:47 IST">
  <testcase classname="appriciate_flow.appriatiate_flow" name="@BeforeClass beforeClass" time="1.753">
    <failure type="org.openqa.selenium.SessionNotCreatedException" message="Could not start a new session. Response code 500. Message: session not created: This version of ChromeDriver only supports Chrome version 114
Current browser version is 116.0.5845.111 with binary path C:\Program Files\Google\Chrome\Application\chrome.exe 
Host info: host: &amp;apos;DHEERAJ&amp;apos;, ip: &amp;apos;10.0.160.213&amp;apos;
Build info: version: &amp;apos;4.8.2&amp;apos;, revision: &amp;apos;826dbfc730&amp;apos;
System info: os.name: &amp;apos;Windows 11&amp;apos;, os.arch: &amp;apos;amd64&amp;apos;, os.version: &amp;apos;10.0&amp;apos;, java.version: &amp;apos;19&amp;apos;
Driver info: org.openqa.selenium.chrome.ChromeDriver
Command: [null, newSession {capabilities=[Capabilities {browserName: chrome, goog:chromeOptions: {args: [--remote-allow-origins=*], extensions: []}}], desiredCapabilities=Capabilities {browserName: chrome, goog:chromeOptions: {args: [--remote-allow-origins=*], extensions: []}}}]">
      <![CDATA[org.openqa.selenium.SessionNotCreatedException: Could not start a new session. Response code 500. Message: session not created: This version of ChromeDriver only supports Chrome version 114
Current browser version is 116.0.5845.111 with binary path C:\Program Files\Google\Chrome\Application\chrome.exe 
Host info: host: 'DHEERAJ', ip: '10.0.160.213'
Build info: version: '4.8.2', revision: '826dbfc730'
System info: os.name: 'Windows 11', os.arch: 'amd64', os.version: '10.0', java.version: '19'
Driver info: org.openqa.selenium.chrome.ChromeDriver
Command: [null, newSession {capabilities=[Capabilities {browserName: chrome, goog:chromeOptions: {args: [--remote-allow-origins=*], extensions: []}}], desiredCapabilities=Capabilities {browserName: chrome, goog:chromeOptions: {args: [--remote-allow-origins=*], extensions: []}}}]
at org.openqa.selenium.remote.ProtocolHandshake.createSession(ProtocolHandshake.java:148)
at org.openqa.selenium.remote.ProtocolHandshake.createSession(ProtocolHandshake.java:106)
at org.openqa.selenium.remote.ProtocolHandshake.createSession(ProtocolHandshake.java:67)
at org.openqa.selenium.remote.HttpCommandExecutor.execute(HttpCommandExecutor.java:165)
at org.openqa.selenium.remote.service.DriverCommandExecutor.invokeExecute(DriverCommandExecutor.java:183)
at org.openqa.selenium.remote.service.DriverCommandExecutor.execute(DriverCommandExecutor.java:158)
at org.openqa.selenium.remote.RemoteWebDriver.execute(RemoteWebDriver.java:543)
at org.openqa.selenium.remote.RemoteWebDriver.startSession(RemoteWebDriver.java:229)
at org.openqa.selenium.remote.RemoteWebDriver.<init>(RemoteWebDriver.java:157)
at org.openqa.selenium.chromium.ChromiumDriver.<init>(ChromiumDriver.java:101)
at org.openqa.selenium.chrome.ChromeDriver.<init>(ChromeDriver.java:88)
at org.openqa.selenium.chrome.ChromeDriver.<init>(ChromeDriver.java:84)
at org.openqa.selenium.chrome.ChromeDriver.<init>(ChromeDriver.java:52)
at utility_RR.Utility_RR.startBrowser(Utility_RR.java:51)
at appriciate_flow.appriatiate_flow.beforeClass(appriatiate_flow.java:49)
at java.base/java.util.ArrayList.forEach(ArrayList.java:1511)
... Removed 23 stack frames]]>
    </failure>
  </testcase> <!-- @BeforeClass beforeClass -->
  <testcase classname="appriciate_flow.appriatiate_flow" name="@BeforeMethod before_Method_Appriciate" time="-1.693372427426E9">
    <skipped/>
  </testcase> <!-- @BeforeMethod before_Method_Appriciate -->
  <testcase classname="appriciate_flow.appriatiate_flow" name="@AfterMethod afterMethod_Appriciate1" time="-1.693372427428E9">
    <skipped/>
  </testcase> <!-- @AfterMethod afterMethod_Appriciate1 -->
  <testcase classname="appriciate_flow.appriatiate_flow" name="@BeforeMethod before_Method_Appriciate" time="-1.693372427431E9">
    <skipped/>
  </testcase> <!-- @BeforeMethod before_Method_Appriciate -->
  <testcase classname="appriciate_flow.appriatiate_flow" name="@AfterMethod afterMethod_Appriciate1" time="-1.693372427433E9">
    <skipped/>
  </testcase> <!-- @AfterMethod afterMethod_Appriciate1 -->
  <testcase classname="appriciate_flow.appriatiate_flow" name="@BeforeMethod before_Method_Appriciate" time="-1.693372427434E9">
    <skipped/>
  </testcase> <!-- @BeforeMethod before_Method_Appriciate -->
  <testcase classname="appriciate_flow.appriatiate_flow" name="@AfterMethod afterMethod_Appriciate1" time="-1.693372427436E9">
    <skipped/>
  </testcase> <!-- @AfterMethod afterMethod_Appriciate1 -->
  <testcase classname="appriciate_flow.appriatiate_flow" name="@BeforeMethod before_Method_Appriciate" time="-1.693372427437E9">
    <skipped/>
  </testcase> <!-- @BeforeMethod before_Method_Appriciate -->
  <testcase classname="appriciate_flow.appriatiate_flow" name="@AfterMethod afterMethod_Appriciate1" time="-1.693372427439E9">
    <skipped/>
  </testcase> <!-- @AfterMethod afterMethod_Appriciate1 -->
  <testcase classname="appriciate_flow.appriatiate_flow" name="@BeforeMethod before_Method_Appriciate" time="-1.69337242744E9">
    <skipped/>
  </testcase> <!-- @BeforeMethod before_Method_Appriciate -->
  <testcase classname="appriciate_flow.appriatiate_flow" name="@AfterMethod afterMethod_Appriciate1" time="-1.693372427444E9">
    <skipped/>
  </testcase> <!-- @AfterMethod afterMethod_Appriciate1 -->
  <testcase classname="appriciate_flow.appriatiate_flow" name="@BeforeMethod before_Method_Appriciate" time="-1.693372427444E9">
    <skipped/>
  </testcase> <!-- @BeforeMethod before_Method_Appriciate -->
  <testcase classname="appriciate_flow.appriatiate_flow" name="@AfterMethod afterMethod_Appriciate1" time="-1.693372427446E9">
    <skipped/>
  </testcase> <!-- @AfterMethod afterMethod_Appriciate1 -->
  <testcase classname="appriciate_flow.appriatiate_flow" name="@BeforeMethod before_Method_Appriciate" time="-1.693372427447E9">
    <skipped/>
  </testcase> <!-- @BeforeMethod before_Method_Appriciate -->
  <testcase classname="appriciate_flow.appriatiate_flow" name="@AfterMethod afterMethod_Appriciate1" time="-1.693372427449E9">
    <skipped/>
  </testcase> <!-- @AfterMethod afterMethod_Appriciate1 -->
  <testcase classname="appriciate_flow.appriatiate_flow" name="@AfterClass afterClass" time="-1.69337242745E9">
    <skipped/>
  </testcase> <!-- @AfterClass afterClass -->
  <testcase classname="appriciate_flow.appriatiate_flow" name="AppriateFlowSingle" time="0.0">
    <skipped/>
  </testcase> <!-- AppriateFlowSingle -->
  <testcase classname="appriciate_flow.appriatiate_flow" name="SocialFeedIDGet" time="0.0">
    <skipped/>
  </testcase> <!-- SocialFeedIDGet -->
  <testcase classname="appriciate_flow.appriatiate_flow" name="LikePositive" time="0.0">
    <skipped/>
  </testcase> <!-- LikePositive -->
  <testcase classname="appriciate_flow.appriatiate_flow" name="CommentPositiveNegative" time="0.0">
    <skipped/>
  </testcase> <!-- CommentPositiveNegative -->
  <testcase classname="appriciate_flow.appriatiate_flow" name="Appriate_emp_mail_Negative" time="0.0">
    <skipped/>
  </testcase> <!-- Appriate_emp_mail_Negative -->
  <testcase classname="appriciate_flow.appriatiate_flow" name="Appriate_award_Negative" time="0.0">
    <skipped/>
  </testcase> <!-- Appriate_award_Negative -->
  <testcase classname="appriciate_flow.appriatiate_flow" name="Appriate_Custom_msg_Negative" time="0.0">
    <skipped/>
  </testcase> <!-- Appriate_Custom_msg_Negative -->
  <testcase classname="appriciate_flow.appriatiate_flow" name="Appriated_List_Test" time="0.0">
    <skipped/>
  </testcase> <!-- Appriated_List_Test -->
</testsuite> <!-- Appriciate_Test C900 -->
