<html>
<head>
<title>TestNG:  Give_award_Single_C1227</title>
<link href="../testng.css" rel="stylesheet" type="text/css" />
<link href="../my-testng.css" rel="stylesheet" type="text/css" />

<style type="text/css">
.log { display: none;} 
.stack-trace { display: none;} 
</style>
<script type="text/javascript">
<!--
function flip(e) {
  current = e.style.display;
  if (current == 'block') {
    e.style.display = 'none';
    return 0;
  }
  else {
    e.style.display = 'block';
    return 1;
  }
}

function toggleBox(szDivId, elem, msg1, msg2)
{
  var res = -1;  if (document.getElementById) {
    res = flip(document.getElementById(szDivId));
  }
  else if (document.all) {
    // this is the way old msie versions work
    res = flip(document.all[szDivId]);
  }
  if(elem) {
    if(res == 0) elem.innerHTML = msg1; else elem.innerHTML = msg2;
  }

}

function toggleAllBoxes() {
  if (document.getElementsByTagName) {
    d = document.getElementsByTagName('div');
    for (i = 0; i < d.length; i++) {
      if (d[i].className == 'log') {
        flip(d[i]);
      }
    }
  }
}

// -->
</script>

</head>
<body>
<h2 align='center'>Give_award_Single_C1227</h2><table border='1' align="center">
<tr>
<td>Tests passed/Failed/Skipped:</td><td>8/2/0</td>
</tr><tr>
<td>Started on:</td><td>Fri Mar 29 10:53:13 IST 2024</td>
</tr>
<tr><td>Total time:</td><td>172 seconds (172595 ms)</td>
</tr><tr>
<td>Included groups:</td><td></td>
</tr><tr>
<td>Excluded groups:</td><td></td>
</tr>
</table><p/>
<small><i>(Hover the method name to see the test class name)</i></small><p/>
<table width='100%' border='1' class='invocation-failed'>
<tr><td colspan='4' align='center'><b>FAILED TESTS</b></td></tr>
<tr><td><b>Test method</b></td>
<td width="30%"><b>Exception</b></td>
<td width="10%"><b>Time (seconds)</b></td>
<td><b>Instance</b></td>
</tr>
<tr>
<td title='giveAward.giveAward_flow.Give_award_value_Statement_positive()'><b>Give_award_value_Statement_positive</b><br>Test class: giveAward.giveAward_flow<br>Parameters: C1227</td>
<td><div><pre>java.lang.AssertionError: The following asserts failed:
	Assertion failed for value statement expected [Trst] but found [Trust]
	at giveAward.giveAward_flow.Give_award_value_Statement_positive(giveAward_flow.java:625)
	at java.base/java.util.ArrayList.forEach(ArrayList.java:1511)
... Removed 29 stack frames</pre></div><a href='#' onClick='toggleBox("stack-trace1043980539", this, "Click to show all stack frames", "Click to hide stack frames")'>Click to show all stack frames</a>
<div class='stack-trace' id='stack-trace1043980539'><pre>java.lang.AssertionError: The following asserts failed:
	Assertion failed for value statement expected [Trst] but found [Trust]
	at org.testng.asserts.SoftAssert.assertAll(SoftAssert.java:47)
	at org.testng.asserts.SoftAssert.assertAll(SoftAssert.java:31)
	at giveAward.giveAward_flow.Give_award_value_Statement_positive(giveAward_flow.java:625)
	at java.base/jdk.internal.reflect.NativeMethodAccessorImpl.invoke0(Native Method)
	at java.base/jdk.internal.reflect.NativeMethodAccessorImpl.invoke(NativeMethodAccessorImpl.java:77)
	at java.base/jdk.internal.reflect.DelegatingMethodAccessorImpl.invoke(DelegatingMethodAccessorImpl.java:43)
	at java.base/java.lang.reflect.Method.invoke(Method.java:568)
	at org.testng.internal.MethodInvocationHelper.invokeMethod(MethodInvocationHelper.java:133)
	at org.testng.internal.TestInvoker.invokeMethod(TestInvoker.java:598)
	at org.testng.internal.TestInvoker.invokeTestMethod(TestInvoker.java:173)
	at org.testng.internal.MethodRunner.runInSequence(MethodRunner.java:46)
	at org.testng.internal.TestInvoker$MethodInvocationAgent.invoke(TestInvoker.java:824)
	at org.testng.internal.TestInvoker.invokeTestMethods(TestInvoker.java:146)
	at org.testng.internal.TestMethodWorker.invokeTestMethods(TestMethodWorker.java:146)
	at org.testng.internal.TestMethodWorker.run(TestMethodWorker.java:128)
	at java.base/java.util.ArrayList.forEach(ArrayList.java:1511)
	at org.testng.TestRunner.privateRun(TestRunner.java:794)
	at org.testng.TestRunner.run(TestRunner.java:596)
	at org.testng.SuiteRunner.runTest(SuiteRunner.java:377)
	at org.testng.SuiteRunner.runSequentially(SuiteRunner.java:371)
	at org.testng.SuiteRunner.privateRun(SuiteRunner.java:332)
	at org.testng.SuiteRunner.run(SuiteRunner.java:276)
	at org.testng.SuiteRunnerWorker.runSuite(SuiteRunnerWorker.java:53)
	at org.testng.SuiteRunnerWorker.run(SuiteRunnerWorker.java:96)
	at org.testng.TestNG.runSuitesSequentially(TestNG.java:1212)
	at org.testng.TestNG.runSuitesLocally(TestNG.java:1134)
	at org.testng.TestNG.runSuites(TestNG.java:1063)
	at org.testng.TestNG.run(TestNG.java:1031)
	at org.testng.remote.AbstractRemoteTestNG.run(AbstractRemoteTestNG.java:115)
	at org.testng.remote.RemoteTestNG.initAndRun(RemoteTestNG.java:251)
	at org.testng.remote.RemoteTestNG.main(RemoteTestNG.java:77)
</pre></div></td>
<td>15</td>
<td>giveAward.giveAward_flow@1c5920df</td></tr>
<tr>
<td title='giveAward.giveAward_flow.CommentPositiveNegative()'><b>CommentPositiveNegative</b><br>Test class: giveAward.giveAward_flow<br>Parameters: C1227</td>
<td><div><pre>org.openqa.selenium.ElementClickInterceptedException: element click intercepted: Element &lt;img class=&quot;closeCommentBox&quot; onclick=&quot;closeCommentOverlay(4769416);&quot; src=&quot;https://cdn2.workadvantage.in/images/img/image/271568/c5a0b4213a.png&quot; alt=&quot;cross&quot; style=&quot;width: 12px; visibility: visible;&quot;&gt; is not clickable at point (3653, 919). Other element would receive the click: &lt;div class=&quot;loading-indicator-benefit&quot; style=&quot;z-index: 100000;&quot;&gt;&lt;/div&gt;
  (Session info: MicrosoftEdge=122.0.2365.92)
Build info: version: &apos;4.8.2&apos;, revision: &apos;826dbfc730&apos;
System info: os.name: &apos;Windows 11&apos;, os.arch: &apos;amd64&apos;, os.version: &apos;10.0&apos;, java.version: &apos;17.0.10&apos;
Driver info: org.openqa.selenium.edge.EdgeDriver
Command: [7a3476f9a9a54b30974151fcd6efbe55, clickElement {id=f.58C74E5BBA4391433FBA0A8D4238C72C.d.3C69DC7282D8F2BCBAA5D04CC71F905B.e.1813}]
Capabilities {acceptInsecureCerts: false, browserName: MicrosoftEdge, browserVersion: 122.0.2365.92, fedcm:accounts: true, ms:edgeOptions: {debuggerAddress: localhost:56135}, msedge: {msedgedriverVersion: 122.0.2365.113 (9bf34bfff1f..., userDataDir: C:\Users\AC\AppData\Local\T...}, networkConnectionEnabled: false, pageLoadStrategy: normal, platformName: WINDOWS, proxy: Proxy(), se:cdp: ws://localhost:56135/devtoo..., se:cdpVersion: 122.0.2365.92, setWindowRect: true, strictFileInteractability: false, timeouts: {implicit: 0, pageLoad: 300000, script: 30000}, unhandledPromptBehavior: dismiss and notify, webauthn:extension:credBlob: true, webauthn:extension:largeBlob: true, webauthn:extension:minPinLength: true, webauthn:extension:prf: true, webauthn:virtualAuthenticators: true}
Element: [[EdgeDriver: MicrosoftEdge on WINDOWS (7a3476f9a9a54b30974151fcd6efbe55)] -&gt; xpath: //div[@id=&apos;newsfeed-4769416&apos;]//img[@class=&apos;closeCommentBox&apos;]]
Session ID: 7a3476f9a9a54b30974151fcd6efbe55
	at org.openqa.selenium.remote.codec.w3c.W3CHttpResponseCodec.createException(W3CHttpResponseCodec.java:200)
	at org.openqa.selenium.remote.codec.w3c.W3CHttpResponseCodec.decode(W3CHttpResponseCodec.java:133)
	at org.openqa.selenium.remote.codec.w3c.W3CHttpResponseCodec.decode(W3CHttpResponseCodec.java:53)
	at org.openqa.selenium.remote.HttpCommandExecutor.execute(HttpCommandExecutor.java:193)
	at org.openqa.selenium.remote.service.DriverCommandExecutor.invokeExecute(DriverCommandExecutor.java:183)
	at org.openqa.selenium.remote.service.DriverCommandExecutor.execute(DriverCommandExecutor.java:158)
	at org.openqa.selenium.remote.RemoteWebDriver.execute(RemoteWebDriver.java:543)
	at org.openqa.selenium.remote.RemoteWebElement.execute(RemoteWebElement.java:257)
	at org.openqa.selenium.remote.RemoteWebElement.click(RemoteWebElement.java:78)
	at giveAward.giveAward_flow.CommentPositiveNegative(giveAward_flow.java:349)
	at java.base/java.util.ArrayList.forEach(ArrayList.java:1511)
... Removed 32 stack frames</pre></div><a href='#' onClick='toggleBox("stack-trace1318538142", this, "Click to show all stack frames", "Click to hide stack frames")'>Click to show all stack frames</a>
<div class='stack-trace' id='stack-trace1318538142'><pre>org.openqa.selenium.ElementClickInterceptedException: element click intercepted: Element &lt;img class=&quot;closeCommentBox&quot; onclick=&quot;closeCommentOverlay(4769416);&quot; src=&quot;https://cdn2.workadvantage.in/images/img/image/271568/c5a0b4213a.png&quot; alt=&quot;cross&quot; style=&quot;width: 12px; visibility: visible;&quot;&gt; is not clickable at point (3653, 919). Other element would receive the click: &lt;div class=&quot;loading-indicator-benefit&quot; style=&quot;z-index: 100000;&quot;&gt;&lt;/div&gt;
  (Session info: MicrosoftEdge=122.0.2365.92)
Build info: version: &apos;4.8.2&apos;, revision: &apos;826dbfc730&apos;
System info: os.name: &apos;Windows 11&apos;, os.arch: &apos;amd64&apos;, os.version: &apos;10.0&apos;, java.version: &apos;17.0.10&apos;
Driver info: org.openqa.selenium.edge.EdgeDriver
Command: [7a3476f9a9a54b30974151fcd6efbe55, clickElement {id=f.58C74E5BBA4391433FBA0A8D4238C72C.d.3C69DC7282D8F2BCBAA5D04CC71F905B.e.1813}]
Capabilities {acceptInsecureCerts: false, browserName: MicrosoftEdge, browserVersion: 122.0.2365.92, fedcm:accounts: true, ms:edgeOptions: {debuggerAddress: localhost:56135}, msedge: {msedgedriverVersion: 122.0.2365.113 (9bf34bfff1f..., userDataDir: C:\Users\AC\AppData\Local\T...}, networkConnectionEnabled: false, pageLoadStrategy: normal, platformName: WINDOWS, proxy: Proxy(), se:cdp: ws://localhost:56135/devtoo..., se:cdpVersion: 122.0.2365.92, setWindowRect: true, strictFileInteractability: false, timeouts: {implicit: 0, pageLoad: 300000, script: 30000}, unhandledPromptBehavior: dismiss and notify, webauthn:extension:credBlob: true, webauthn:extension:largeBlob: true, webauthn:extension:minPinLength: true, webauthn:extension:prf: true, webauthn:virtualAuthenticators: true}
Element: [[EdgeDriver: MicrosoftEdge on WINDOWS (7a3476f9a9a54b30974151fcd6efbe55)] -&gt; xpath: //div[@id=&apos;newsfeed-4769416&apos;]//img[@class=&apos;closeCommentBox&apos;]]
Session ID: 7a3476f9a9a54b30974151fcd6efbe55
	at java.base/jdk.internal.reflect.NativeConstructorAccessorImpl.newInstance0(Native Method)
	at java.base/jdk.internal.reflect.NativeConstructorAccessorImpl.newInstance(NativeConstructorAccessorImpl.java:77)
	at java.base/jdk.internal.reflect.DelegatingConstructorAccessorImpl.newInstance(DelegatingConstructorAccessorImpl.java:45)
	at java.base/java.lang.reflect.Constructor.newInstanceWithCaller(Constructor.java:499)
	at java.base/java.lang.reflect.Constructor.newInstance(Constructor.java:480)
	at org.openqa.selenium.remote.codec.w3c.W3CHttpResponseCodec.createException(W3CHttpResponseCodec.java:200)
	at org.openqa.selenium.remote.codec.w3c.W3CHttpResponseCodec.decode(W3CHttpResponseCodec.java:133)
	at org.openqa.selenium.remote.codec.w3c.W3CHttpResponseCodec.decode(W3CHttpResponseCodec.java:53)
	at org.openqa.selenium.remote.HttpCommandExecutor.execute(HttpCommandExecutor.java:193)
	at org.openqa.selenium.remote.service.DriverCommandExecutor.invokeExecute(DriverCommandExecutor.java:183)
	at org.openqa.selenium.remote.service.DriverCommandExecutor.execute(DriverCommandExecutor.java:158)
	at org.openqa.selenium.remote.RemoteWebDriver.execute(RemoteWebDriver.java:543)
	at org.openqa.selenium.remote.RemoteWebElement.execute(RemoteWebElement.java:257)
	at org.openqa.selenium.remote.RemoteWebElement.click(RemoteWebElement.java:78)
	at giveAward.giveAward_flow.CommentPositiveNegative(giveAward_flow.java:349)
	at java.base/jdk.internal.reflect.NativeMethodAccessorImpl.invoke0(Native Method)
	at java.base/jdk.internal.reflect.NativeMethodAccessorImpl.invoke(NativeMethodAccessorImpl.java:77)
	at java.base/jdk.internal.reflect.DelegatingMethodAccessorImpl.invoke(DelegatingMethodAccessorImpl.java:43)
	at java.base/java.lang.reflect.Method.invoke(Method.java:568)
	at org.testng.internal.MethodInvocationHelper.invokeMethod(MethodInvocationHelper.java:133)
	at org.testng.internal.TestInvoker.invokeMethod(TestInvoker.java:598)
	at org.testng.internal.TestInvoker.invokeTestMethod(TestInvoker.java:173)
	at org.testng.internal.MethodRunner.runInSequence(MethodRunner.java:46)
	at org.testng.internal.TestInvoker$MethodInvocationAgent.invoke(TestInvoker.java:824)
	at org.testng.internal.TestInvoker.invokeTestMethods(TestInvoker.java:146)
	at org.testng.internal.TestMethodWorker.invokeTestMethods(TestMethodWorker.java:146)
	at org.testng.internal.TestMethodWorker.run(TestMethodWorker.java:128)
	at java.base/java.util.ArrayList.forEach(ArrayList.java:1511)
	at org.testng.TestRunner.privateRun(TestRunner.java:794)
	at org.testng.TestRunner.run(TestRunner.java:596)
	at org.testng.SuiteRunner.runTest(SuiteRunner.java:377)
	at org.testng.SuiteRunner.runSequentially(SuiteRunner.java:371)
	at org.testng.SuiteRunner.privateRun(SuiteRunner.java:332)
	at org.testng.SuiteRunner.run(SuiteRunner.java:276)
	at org.testng.SuiteRunnerWorker.runSuite(SuiteRunnerWorker.java:53)
	at org.testng.SuiteRunnerWorker.run(SuiteRunnerWorker.java:96)
	at org.testng.TestNG.runSuitesSequentially(TestNG.java:1212)
	at org.testng.TestNG.runSuitesLocally(TestNG.java:1134)
	at org.testng.TestNG.runSuites(TestNG.java:1063)
	at org.testng.TestNG.run(TestNG.java:1031)
	at org.testng.remote.AbstractRemoteTestNG.run(AbstractRemoteTestNG.java:115)
	at org.testng.remote.RemoteTestNG.initAndRun(RemoteTestNG.java:251)
	at org.testng.remote.RemoteTestNG.main(RemoteTestNG.java:77)
</pre></div></td>
<td>6</td>
<td>giveAward.giveAward_flow@1c5920df</td></tr>
</table><p>
<table width='100%' border='1' class='invocation-passed'>
<tr><td colspan='4' align='center'><b>PASSED TESTS</b></td></tr>
<tr><td><b>Test method</b></td>
<td width="30%"><b>Exception</b></td>
<td width="10%"><b>Time (seconds)</b></td>
<td><b>Instance</b></td>
</tr>
<tr>
<td title='giveAward.giveAward_flow.GiveAward_single_Amount_Deduction_Admin()'><b>GiveAward_single_Amount_Deduction_Admin</b><br>Test class: giveAward.giveAward_flow<br>Parameters: C1227<br/>
<a href="#Output-2134885423" onClick='toggleBox("Output-2134885423", this, "Show output", "Hide output");'>Show output</a>

<a href="#Output-2134885423" onClick="toggleAllBoxes();">Show all outputs</a>
<div class='log' id="Output-2134885423">
1.0Point is deducted<br/>
</div>
</td>
<td></td>
<td>11</td>
<td>giveAward.giveAward_flow@1c5920df</td></tr>
<tr>
<td title='giveAward.giveAward_flow.GiveAwardFlowSingle()'><b>GiveAwardFlowSingle</b><br>Test class: giveAward.giveAward_flow<br>Parameters: C1227</td>
<td></td>
<td>33</td>
<td>giveAward.giveAward_flow@1c5920df</td></tr>
<tr>
<td title='giveAward.giveAward_flow.Appriate_emp_mail_Negative()'><b>Appriate_emp_mail_Negative</b><br>Test class: giveAward.giveAward_flow<br>Parameters: C1227</td>
<td></td>
<td>19</td>
<td>giveAward.giveAward_flow@1c5920df</td></tr>
<tr>
<td title='giveAward.giveAward_flow.SocialFeedIDGet()'><b>SocialFeedIDGet</b><br>Test class: giveAward.giveAward_flow<br>Parameters: C1227</td>
<td></td>
<td>2</td>
<td>giveAward.giveAward_flow@1c5920df</td></tr>
<tr>
<td title='giveAward.giveAward_flow.Give_award_custom_msg_negative()'><b>Give_award_custom_msg_negative</b><br>Test class: giveAward.giveAward_flow<br>Parameters: C1227</td>
<td></td>
<td>13</td>
<td>giveAward.giveAward_flow@1c5920df</td></tr>
<tr>
<td title='giveAward.giveAward_flow.GiveAward_Point_Transfer_negative_Single()'><b>GiveAward_Point_Transfer_negative_Single</b><br>Test class: giveAward.giveAward_flow<br>Parameters: C1227</td>
<td></td>
<td>14</td>
<td>giveAward.giveAward_flow@1c5920df</td></tr>
<tr>
<td title='giveAward.giveAward_flow.Appriated_List_Test()'><b>Appriated_List_Test</b><br>Test class: giveAward.giveAward_flow<br>Parameters: C1227</td>
<td></td>
<td>6</td>
<td>giveAward.giveAward_flow@1c5920df</td></tr>
<tr>
<td title='giveAward.giveAward_flow.LikePositive()'><b>LikePositive</b><br>Test class: giveAward.giveAward_flow<br>Parameters: C1227</td>
<td></td>
<td>7</td>
<td>giveAward.giveAward_flow@1c5920df</td></tr>
</table><p>
</body>
</html>