<?xml version="1.0" encoding="UTF-8"?>
<!-- Generated by org.testng.reporters.JUnitXMLReporter -->
<testsuite ignored="0" hostname="Neeru" failures="2" tests="10" name="Give_award_Single_C1227" time="172.595" errors="0" timestamp="2024-03-29T10:56:06 IST">
  <testcase classname="giveAward.giveAward_flow" name="GiveAwardFlowSingle" time="33.556"/>
  <testcase classname="giveAward.giveAward_flow" name="GiveAward_single_Amount_Deduction_Admin" time="11.164"/>
  <testcase classname="giveAward.giveAward_flow" name="SocialFeedIDGet" time="2.333"/>
  <testcase classname="giveAward.giveAward_flow" name="LikePositive" time="7.135"/>
  <testcase classname="giveAward.giveAward_flow" name="CommentPositiveNegative" time="6.539">
    <failure type="org.openqa.selenium.ElementClickInterceptedException" message="element click intercepted: Element &amp;lt;img class=&amp;quot;closeCommentBox&amp;quot; onclick=&amp;quot;closeCommentOverlay(4769416);&amp;quot; src=&amp;quot;https://cdn2.workadvantage.in/images/img/image/271568/c5a0b4213a.png&amp;quot; alt=&amp;quot;cross&amp;quot; style=&amp;quot;width: 12px; visibility: visible;&amp;quot;&amp;gt; is not clickable at point (3653, 919). Other element would receive the click: &amp;lt;div class=&amp;quot;loading-indicator-benefit&amp;quot; style=&amp;quot;z-index: 100000;&amp;quot;&amp;gt;&amp;lt;/div&amp;gt;
  (Session info: MicrosoftEdge=122.0.2365.92)
Build info: version: &amp;apos;4.8.2&amp;apos;, revision: &amp;apos;826dbfc730&amp;apos;
System info: os.name: &amp;apos;Windows 11&amp;apos;, os.arch: &amp;apos;amd64&amp;apos;, os.version: &amp;apos;10.0&amp;apos;, java.version: &amp;apos;17.0.10&amp;apos;
Driver info: org.openqa.selenium.edge.EdgeDriver
Command: [7a3476f9a9a54b30974151fcd6efbe55, clickElement {id=f.58C74E5BBA4391433FBA0A8D4238C72C.d.3C69DC7282D8F2BCBAA5D04CC71F905B.e.1813}]
Capabilities {acceptInsecureCerts: false, browserName: MicrosoftEdge, browserVersion: 122.0.2365.92, fedcm:accounts: true, ms:edgeOptions: {debuggerAddress: localhost:56135}, msedge: {msedgedriverVersion: 122.0.2365.113 (9bf34bfff1f..., userDataDir: C:\Users\AC\AppData\Local\T...}, networkConnectionEnabled: false, pageLoadStrategy: normal, platformName: WINDOWS, proxy: Proxy(), se:cdp: ws://localhost:56135/devtoo..., se:cdpVersion: 122.0.2365.92, setWindowRect: true, strictFileInteractability: false, timeouts: {implicit: 0, pageLoad: 300000, script: 30000}, unhandledPromptBehavior: dismiss and notify, webauthn:extension:credBlob: true, webauthn:extension:largeBlob: true, webauthn:extension:minPinLength: true, webauthn:extension:prf: true, webauthn:virtualAuthenticators: true}
Element: [[EdgeDriver: MicrosoftEdge on WINDOWS (7a3476f9a9a54b30974151fcd6efbe55)] -&amp;gt; xpath: //div[@id=&amp;apos;newsfeed-4769416&amp;apos;]//img[@class=&amp;apos;closeCommentBox&amp;apos;]]
Session ID: 7a3476f9a9a54b30974151fcd6efbe55">
      <![CDATA[org.openqa.selenium.ElementClickInterceptedException: element click intercepted: Element <img class="closeCommentBox" onclick="closeCommentOverlay(4769416);" src="https://cdn2.workadvantage.in/images/img/image/271568/c5a0b4213a.png" alt="cross" style="width: 12px; visibility: visible;"> is not clickable at point (3653, 919). Other element would receive the click: <div class="loading-indicator-benefit" style="z-index: 100000;"></div>
  (Session info: MicrosoftEdge=122.0.2365.92)
Build info: version: '4.8.2', revision: '826dbfc730'
System info: os.name: 'Windows 11', os.arch: 'amd64', os.version: '10.0', java.version: '17.0.10'
Driver info: org.openqa.selenium.edge.EdgeDriver
Command: [7a3476f9a9a54b30974151fcd6efbe55, clickElement {id=f.58C74E5BBA4391433FBA0A8D4238C72C.d.3C69DC7282D8F2BCBAA5D04CC71F905B.e.1813}]
Capabilities {acceptInsecureCerts: false, browserName: MicrosoftEdge, browserVersion: 122.0.2365.92, fedcm:accounts: true, ms:edgeOptions: {debuggerAddress: localhost:56135}, msedge: {msedgedriverVersion: 122.0.2365.113 (9bf34bfff1f..., userDataDir: C:\Users\AC\AppData\Local\T...}, networkConnectionEnabled: false, pageLoadStrategy: normal, platformName: WINDOWS, proxy: Proxy(), se:cdp: ws://localhost:56135/devtoo..., se:cdpVersion: 122.0.2365.92, setWindowRect: true, strictFileInteractability: false, timeouts: {implicit: 0, pageLoad: 300000, script: 30000}, unhandledPromptBehavior: dismiss and notify, webauthn:extension:credBlob: true, webauthn:extension:largeBlob: true, webauthn:extension:minPinLength: true, webauthn:extension:prf: true, webauthn:virtualAuthenticators: true}
Element: [[EdgeDriver: MicrosoftEdge on WINDOWS (7a3476f9a9a54b30974151fcd6efbe55)] -> xpath: //div[@id='newsfeed-4769416']//img[@class='closeCommentBox']]
Session ID: 7a3476f9a9a54b30974151fcd6efbe55
at org.openqa.selenium.remote.codec.w3c.W3CHttpResponseCodec.createException(W3CHttpResponseCodec.java:200)
at org.openqa.selenium.remote.codec.w3c.W3CHttpResponseCodec.decode(W3CHttpResponseCodec.java:133)
at org.openqa.selenium.remote.codec.w3c.W3CHttpResponseCodec.decode(W3CHttpResponseCodec.java:53)
at org.openqa.selenium.remote.HttpCommandExecutor.execute(HttpCommandExecutor.java:193)
at org.openqa.selenium.remote.service.DriverCommandExecutor.invokeExecute(DriverCommandExecutor.java:183)
at org.openqa.selenium.remote.service.DriverCommandExecutor.execute(DriverCommandExecutor.java:158)
at org.openqa.selenium.remote.RemoteWebDriver.execute(RemoteWebDriver.java:543)
at org.openqa.selenium.remote.RemoteWebElement.execute(RemoteWebElement.java:257)
at org.openqa.selenium.remote.RemoteWebElement.click(RemoteWebElement.java:78)
at giveAward.giveAward_flow.CommentPositiveNegative(giveAward_flow.java:349)
at java.base/java.util.ArrayList.forEach(ArrayList.java:1511)
... Removed 32 stack frames]]>
    </failure>
  </testcase> <!-- CommentPositiveNegative -->
  <testcase classname="giveAward.giveAward_flow" name="Appriate_emp_mail_Negative" time="19.062"/>
  <testcase classname="giveAward.giveAward_flow" name="Give_award_custom_msg_negative" time="13.648"/>
  <testcase classname="giveAward.giveAward_flow" name="Give_award_value_Statement_positive" time="15.421">
    <failure type="java.lang.AssertionError" message="The following asserts failed:
	Assertion failed for value statement expected [Trst] but found [Trust]">
      <![CDATA[java.lang.AssertionError: The following asserts failed:
Assertion failed for value statement expected [Trst] but found [Trust]
at giveAward.giveAward_flow.Give_award_value_Statement_positive(giveAward_flow.java:625)
at java.base/java.util.ArrayList.forEach(ArrayList.java:1511)
... Removed 29 stack frames]]>
    </failure>
  </testcase> <!-- Give_award_value_Statement_positive -->
  <testcase classname="giveAward.giveAward_flow" name="GiveAward_Point_Transfer_negative_Single" time="14.817"/>
  <testcase classname="giveAward.giveAward_flow" name="Appriated_List_Test" time="6.052"/>
</testsuite> <!-- Give_award_Single_C1227 -->
