<?xml version="1.0" encoding="UTF-8"?>
<!-- Generated by org.testng.reporters.JUnitXMLReporter -->
<testsuite ignored="7" hostname="Dheeraj" failures="1" tests="1" name="Default test" time="0.036" errors="0" timestamp="2023-08-28T18:48:35 IST">
  <testcase classname="appriciate_flow.appriatiate_flow" name="@BeforeClass beforeClass" time="-1.693228715443E9">
    <failure type="org.testng.TestNGException" message="
Parameter &amp;apos;corpID&amp;apos; is required by BeforeClass on method beforeClass but has not been marked @Optional or defined
in C:\Users\choug\AppData\Local\Temp\testng-eclipse--1166411602\testng-customsuite.xml">
      <![CDATA[org.testng.TestNGException: 
Parameter 'corpID' is required by BeforeClass on method beforeClass but has not been marked @Optional or defined
in C:\Users\choug\AppData\Local\Temp\testng-eclipse--1166411602\testng-customsuite.xml
at org.testng.internal.Parameters.createParams(Parameters.java:270)
at org.testng.internal.Parameters.createParametersForMethod(Parameters.java:358)
at org.testng.internal.Parameters.createParameters(Parameters.java:700)
at org.testng.internal.Parameters.createConfigurationParameters(Parameters.java:168)
at org.testng.internal.ConfigInvoker.invokeConfigurations(ConfigInvoker.java:302)
at org.testng.internal.TestMethodWorker.invokeBeforeClassMethods(TestMethodWorker.java:176)
at org.testng.internal.TestMethodWorker.run(TestMethodWorker.java:122)
at java.base/java.util.ArrayList.forEach(ArrayList.java:1511)
at org.testng.TestRunner.privateRun(TestRunner.java:794)
at org.testng.TestRunner.run(TestRunner.java:596)
at org.testng.SuiteRunner.runTest(SuiteRunner.java:377)
at org.testng.SuiteRunner.runSequentially(SuiteRunner.java:371)
at org.testng.SuiteRunner.privateRun(SuiteRunner.java:332)
at org.testng.SuiteRunner.run(SuiteRunner.java:276)
at org.testng.SuiteRunnerWorker.runSuite(SuiteRunnerWorker.java:53)
at org.testng.SuiteRunnerWorker.run(SuiteRunnerWorker.java:96)
at org.testng.TestNG.runSuitesSequentially(TestNG.java:1212)
at org.testng.TestNG.runSuitesLocally(TestNG.java:1134)
at org.testng.TestNG.runSuites(TestNG.java:1063)
at org.testng.TestNG.run(TestNG.java:1031)
at org.testng.remote.AbstractRemoteTestNG.run(AbstractRemoteTestNG.java:115)
at org.testng.remote.RemoteTestNG.initAndRun(RemoteTestNG.java:251)
at org.testng.remote.RemoteTestNG.main(RemoteTestNG.java:77)
]]>
    </failure>
  </testcase> <!-- @BeforeClass beforeClass -->
  <testcase classname="appriciate_flow.appriatiate_flow" name="@AfterClass afterClass" time="-1.693228715459E9">
    <skipped/>
  </testcase> <!-- @AfterClass afterClass -->
  <testcase classname="appriciate_flow.appriatiate_flow" name="AppriateFlowSingle" time="0.0">
    <failure type="org.testng.TestNGException" message="
Parameter &amp;apos;corpID&amp;apos; is required by @Test on method AppriateFlowSingle but has not been marked @Optional or defined
in C:\Users\choug\AppData\Local\Temp\testng-eclipse--1166411602\testng-customsuite.xml">
      <![CDATA[org.testng.TestNGException: 
Parameter 'corpID' is required by @Test on method AppriateFlowSingle but has not been marked @Optional or defined
in C:\Users\choug\AppData\Local\Temp\testng-eclipse--1166411602\testng-customsuite.xml
at org.testng.internal.Parameters.createParams(Parameters.java:270)
at org.testng.internal.Parameters.createParametersForMethod(Parameters.java:358)
at org.testng.internal.Parameters.createParameters(Parameters.java:700)
at org.testng.internal.Parameters.handleParameters(Parameters.java:884)
at org.testng.internal.Parameters.handleParameters(Parameters.java:740)
at org.testng.internal.ParameterHandler.handleParameters(ParameterHandler.java:59)
at org.testng.internal.ParameterHandler.createParameters(ParameterHandler.java:38)
at org.testng.internal.TestInvoker$MethodInvocationAgent.invoke(TestInvoker.java:791)
at org.testng.internal.TestInvoker.invokeTestMethods(TestInvoker.java:146)
at org.testng.internal.TestMethodWorker.invokeTestMethods(TestMethodWorker.java:146)
at org.testng.internal.TestMethodWorker.run(TestMethodWorker.java:128)
at java.base/java.util.ArrayList.forEach(ArrayList.java:1511)
at org.testng.TestRunner.privateRun(TestRunner.java:794)
at org.testng.TestRunner.run(TestRunner.java:596)
at org.testng.SuiteRunner.runTest(SuiteRunner.java:377)
at org.testng.SuiteRunner.runSequentially(SuiteRunner.java:371)
at org.testng.SuiteRunner.privateRun(SuiteRunner.java:332)
at org.testng.SuiteRunner.run(SuiteRunner.java:276)
at org.testng.SuiteRunnerWorker.runSuite(SuiteRunnerWorker.java:53)
at org.testng.SuiteRunnerWorker.run(SuiteRunnerWorker.java:96)
at org.testng.TestNG.runSuitesSequentially(TestNG.java:1212)
at org.testng.TestNG.runSuitesLocally(TestNG.java:1134)
at org.testng.TestNG.runSuites(TestNG.java:1063)
at org.testng.TestNG.run(TestNG.java:1031)
at org.testng.remote.AbstractRemoteTestNG.run(AbstractRemoteTestNG.java:115)
at org.testng.remote.RemoteTestNG.initAndRun(RemoteTestNG.java:251)
at org.testng.remote.RemoteTestNG.main(RemoteTestNG.java:77)
]]>
    </failure>
  </testcase> <!-- AppriateFlowSingle -->
  <testcase classname="appriciate_flow.appriatiate_flow" name="LikePositive" time="0.0">
    <ignored/>
  </testcase> <!-- LikePositive -->
  <testcase classname="appriciate_flow.appriatiate_flow" name="Appriate_emp_mail_Negative" time="0.0">
    <ignored/>
  </testcase> <!-- Appriate_emp_mail_Negative -->
  <testcase classname="appriciate_flow.appriatiate_flow" name="Appriate_award_Negative" time="0.0">
    <ignored/>
  </testcase> <!-- Appriate_award_Negative -->
  <testcase classname="appriciate_flow.appriatiate_flow" name="Appriated_List_Test" time="0.0">
    <ignored/>
  </testcase> <!-- Appriated_List_Test -->
  <testcase classname="appriciate_flow.appriatiate_flow" name="Appriate_Custom_msg_Negative" time="0.0">
    <ignored/>
  </testcase> <!-- Appriate_Custom_msg_Negative -->
  <testcase classname="appriciate_flow.appriatiate_flow" name="SocialFeedIDGet" time="0.0">
    <ignored/>
  </testcase> <!-- SocialFeedIDGet -->
  <testcase classname="appriciate_flow.appriatiate_flow" name="CommentPositiveNegative" time="0.0">
    <ignored/>
  </testcase> <!-- CommentPositiveNegative -->
</testsuite> <!-- Default test -->
